#
# A fatal error has been detected by the Java Runtime Environment:
#
#  EXCEPTION_ACCESS_VIOLATION (0xc0000005) at pc=0x000007feefc3efb7, pid=39920, tid=39472
#
# JRE version: 7.0_10-b18
# Java VM: Java HotSpot(TM) 64-Bit Server VM (23.6-b04 mixed mode windows-amd64 compressed oops)
# Problematic frame:
# C  [OpenAL64.dll+0x2efb7]  alcProcessContext+0x20b6b
#
# Failed to write core dump. Minidumps are not enabled by default on client versions of Windows
#
# If you would like to submit a bug report, please visit:
#   http://bugreport.sun.com/bugreport/crash.jsp
# The crash happened outside the Java Virtual Machine in native code.
# See problematic frame for where to report the bug.
#

---------------  T H R E A D  ---------------

Current thread (0x0000000029328000):  JavaThread "Thread-13" daemon [_thread_in_native, id=39472, stack(0x0000000034300000,0x0000000034400000)]

siginfo: ExceptionCode=0xc0000005, ExceptionInformation=0x0000000000000008 0x000007feefc3efb7

Registers:
RAX=0x000000002b305070, RBX=0x000000002b305020, RCX=0x0000000000000000, RDX=0x000000002b305070
RSP=0x00000000343fedd8, RBP=0x0000000000000028, RSI=0x000000002b305020, RDI=0x000000002b305070
R8 =0x0000000000000000, R9 =0x0000000000000000, R10=0x00000000000000a6, R11=0x0000000000000026
R12=0x0000000000000000, R13=0x0000000000000000, R14=0x0000000000000000, R15=0x0000000000000001
RIP=0x000007feefc3efb7, EFLAGS=0x0000000000010246

Top of Stack: (sp=0x00000000343fedd8)
0x00000000343fedd8:   000007feefc1e842 000007feefc34e1c
0x00000000343fede8:   000007feefc20557 0000000000000000
0x00000000343fedf8:   0000000000000003 00000000343fef88
0x00000000343fee08:   0000000000000000 0000000000000000
0x00000000343fee18:   0000000000000000 0000000000000000
0x00000000343fee28:   0000000000000000 0000000029328000
0x00000000343fee38:   00000000343fef88 00000000bce9bc30
0x00000000343fee48:   0000000000000000 00000000343fef88
0x00000000343fee58:   0000e89942430ca7 0000000029328000
0x00000000343fee68:   00000000343fef88 00000000bce9bc30
0x00000000343fee78:   0000000000000000 0000000000000000
0x00000000343fee88:   000007feefc3bef8 0000000000000000
0x00000000343fee98:   000007feefc183b6 000000002b305020
0x00000000343feea8:   00000000343fef68 000000002b305020
0x00000000343feeb8:   0000000000000000 0000000000000000
0x00000000343feec8:   000000000bc062d7 0000000000000000 

Instructions: (pc=0x000007feefc3efb7)
0x000007feefc3ef97:   6f 66 74 77 61 72 65 20 6f 6e 20 53 70 65 61 6b
0x000007feefc3efa7:   65 72 73 20 28 53 6e 64 54 41 75 64 69 6f 29 00
0x000007feefc3efb7:   44 69 72 65 63 74 53 6f 75 6e 64 20 53 6f 66 74
0x000007feefc3efc7:   77 61 72 65 20 6f 6e 20 53 70 65 61 6b 65 72 73 


Register to memory mapping:

RAX=0x000000002b305070 is an unknown value
RBX=0x000000002b305020 is an unknown value
RCX=0x0000000000000000 is an unknown value
RDX=0x000000002b305070 is an unknown value
RSP=0x00000000343fedd8 is pointing into the stack for thread: 0x0000000029328000
RBP=0x0000000000000028 is an unknown value
RSI=0x000000002b305020 is an unknown value
RDI=0x000000002b305070 is an unknown value
R8 =0x0000000000000000 is an unknown value
R9 =0x0000000000000000 is an unknown value
R10=0x00000000000000a6 is an unknown value
R11=0x0000000000000026 is an unknown value
R12=0x0000000000000000 is an unknown value
R13=0x0000000000000000 is an unknown value
R14=0x0000000000000000 is an unknown value
R15=0x0000000000000001 is an unknown value


Stack: [0x0000000034300000,0x0000000034400000],  sp=0x00000000343fedd8,  free space=1019k
Native frames: (J=compiled Java code, j=interpreted, Vv=VM code, C=native code)
C  [OpenAL64.dll+0x2efb7]  alcProcessContext+0x20b6b

[error occurred during error reporting (printing native stack), id 0xc0000005]

Java frames: (J=compiled Java code, j=interpreted, Vv=VM code)
j  org.lwjgl.openal.ALC10.nalcOpenDevice(Ljava/lang/String;)J+0
j  org.lwjgl.openal.ALC10.alcOpenDevice(Ljava/lang/String;)Lorg/lwjgl/openal/ALCdevice;+1
j  org.lwjgl.openal.AL.init(Ljava/lang/String;IIZZ)V+12
j  org.lwjgl.openal.AL.create(Ljava/lang/String;IIZZ)V+233
j  org.lwjgl.openal.AL.create(Ljava/lang/String;IIZ)V+5
j  org.lwjgl.openal.AL.create()V+6
j  paulscode.sound.libraries.LibraryLWJGLOpenAL.init()V+2
j  paulscode.sound.SoundSystem.CommandNewLibrary(Ljava/lang/Class;)V+273
j  paulscode.sound.SoundSystem.CommandQueue(Lpaulscode/sound/CommandObject;)Z+1206
j  paulscode.sound.CommandThread.run()V+51
v  ~StubRoutines::call_stub

---------------  P R O C E S S  ---------------

Java Threads: ( => current thread )
  0x0000000029328800 JavaThread "Thread-14" daemon [_thread_blocked, id=39712, stack(0x00000000297a0000,0x00000000298a0000)]
=>0x0000000029328000 JavaThread "Thread-13" daemon [_thread_in_native, id=39472, stack(0x0000000034300000,0x0000000034400000)]
  0x0000000028e80800 JavaThread "Minecraft main thread" daemon [_thread_blocked, id=37708, stack(0x0000000029d50000,0x0000000029e50000)]
  0x0000000028fa8800 JavaThread "Timer hack thread" daemon [_thread_blocked, id=37544, stack(0x0000000029ac0000,0x0000000029bc0000)]
  0x000000000ad81000 JavaThread "Snooper Timer" daemon [_thread_blocked, id=38128, stack(0x0000000029be0000,0x0000000029ce0000)]
  0x0000000028422000 JavaThread "Thread-9" daemon [_thread_blocked, id=39652, stack(0x0000000029560000,0x0000000029660000)]
  0x0000000001ded000 JavaThread "DestroyJavaVM" [_thread_blocked, id=38932, stack(0x0000000001f40000,0x0000000002040000)]
  0x000000000a983000 JavaThread "TimerQueue" daemon [_thread_blocked, id=38992, stack(0x000000000d080000,0x000000000d180000)]
  0x000000000ab51000 JavaThread "SwingWorker-pool-1-thread-1" daemon [_thread_in_native, id=39516, stack(0x000000000d410000,0x000000000d510000)]
  0x000000000a7c2800 JavaThread "AWT-EventQueue-0" [_thread_blocked, id=39028, stack(0x000000000d310000,0x000000000d410000)]
  0x000000000a8c5000 JavaThread "AWT-Windows" daemon [_thread_in_native, id=39700, stack(0x000000000b6d0000,0x000000000b7d0000)]
  0x000000000a8c4000 JavaThread "AWT-Shutdown" [_thread_blocked, id=39804, stack(0x000000000b570000,0x000000000b670000)]
  0x000000000aa10800 JavaThread "Java2D Disposer" daemon [_thread_blocked, id=39456, stack(0x000000000b2f0000,0x000000000b3f0000)]
  0x0000000008988000 JavaThread "Service Thread" daemon [_thread_blocked, id=38108, stack(0x0000000009f20000,0x000000000a020000)]
  0x000000000897f800 JavaThread "C2 CompilerThread1" daemon [_thread_blocked, id=36984, stack(0x000000000a300000,0x000000000a400000)]
  0x000000000897a800 JavaThread "C2 CompilerThread0" daemon [_thread_blocked, id=38952, stack(0x000000000a1a0000,0x000000000a2a0000)]
  0x0000000008978800 JavaThread "Attach Listener" daemon [_thread_blocked, id=37784, stack(0x000000000a050000,0x000000000a150000)]
  0x0000000008971800 JavaThread "Signal Dispatcher" daemon [_thread_blocked, id=37808, stack(0x0000000009da0000,0x0000000009ea0000)]
  0x0000000001ee9800 JavaThread "Finalizer" daemon [_thread_blocked, id=37428, stack(0x0000000009b90000,0x0000000009c90000)]
  0x0000000001ee2800 JavaThread "Reference Handler" daemon [_thread_blocked, id=38608, stack(0x0000000009a60000,0x0000000009b60000)]

Other Threads:
  0x00000000088f2800 VMThread [stack: 0x00000000098b0000,0x00000000099b0000] [id=38848]
  0x0000000008993000 WatcherThread [stack: 0x000000000a4d0000,0x000000000a5d0000] [id=37560]

VM state:not at safepoint (normal execution)

VM Mutex/Monitor currently owned by a thread: None

Heap
 PSYoungGen      total 283968K, used 90380K [0x00000000eaab0000, 0x00000000fd550000, 0x0000000100000000)
  eden space 262144K, 26% used [0x00000000eaab0000,0x00000000eeda5e90,0x00000000faab0000)
  from space 21824K, 99% used [0x00000000fc000000,0x00000000fd54d440,0x00000000fd550000)
  to   space 21824K, 0% used [0x00000000faab0000,0x00000000faab0000,0x00000000fc000000)
 ParOldGen       total 349568K, used 30615K [0x00000000c0000000, 0x00000000d5560000, 0x00000000eaab0000)
  object space 349568K, 8% used [0x00000000c0000000,0x00000000c1de5cb0,0x00000000d5560000)
 PSPermGen       total 33536K, used 33399K [0x00000000bae00000, 0x00000000bcec0000, 0x00000000c0000000)
  object space 33536K, 99% used [0x00000000bae00000,0x00000000bce9dd78,0x00000000bcec0000)

Card table byte_map: [0x0000000005100000,0x0000000005330000] byte_map_base: 0x0000000004b29000

Polling page: 0x0000000000300000

Code Cache  [0x0000000002040000, 0x0000000002310000, 0x0000000005040000)
 total_blobs=1337 nmethods=637 adapters=651 free_code_cache=46390Kb largest_free_block=47394944

Compilation events (10 events):
Event: 46.187 Thread 0x000000000897a800  671             atv::<init> (71 bytes)
Event: 46.187 Thread 0x000000000897f800  672             java.awt.image.BufferedImage::getRGB (231 bytes)
Event: 46.196 Thread 0x000000000897a800 nmethod 671 0x000000000226d150 code [0x000000000226d2c0, 0x000000000226d4f8]
Event: 46.265 Thread 0x000000000897f800 nmethod 672 0x000000000224e310 code [0x000000000224e4c0, 0x000000000224eff8]
Event: 46.450 Thread 0x000000000897a800  673             java.util.regex.Pattern$Curly::match0 (174 bytes)
Event: 46.507 Thread 0x000000000897a800 nmethod 673 0x000000000220a1d0 code [0x000000000220a400, 0x000000000220b180]
Event: 46.623 Thread 0x000000000897f800   36 % !         cpw.mods.fml.relauncher.RelaunchClassLoader::findClass @ 168 (342 bytes)
Event: 46.891 Thread 0x000000000897f800 nmethod 36% 0x0000000002200bd0 code [0x0000000002200fc0, 0x00000000022035b0]
Event: 46.902 Thread 0x000000000897a800  674   !         cpw.mods.fml.relauncher.RelaunchClassLoader::findClass (342 bytes)
Event: 47.505 Thread 0x000000000897a800 nmethod 674 0x00000000021f26d0 code [0x00000000021f2c40, 0x00000000021f6c10]

GC Heap History (8 events):
Event: 19.112 GC heap before
{Heap before GC invocations=1 (full 0):
 PSYoungGen      total 152896K, used 131072K [0x00000000eaab0000, 0x00000000f5550000, 0x0000000100000000)
  eden space 131072K, 100% used [0x00000000eaab0000,0x00000000f2ab0000,0x00000000f2ab0000)
  from space 21824K, 0% used [0x00000000f4000000,0x00000000f4000000,0x00000000f5550000)
  to   space 21824K, 0% used [0x00000000f2ab0000,0x00000000f2ab0000,0x00000000f4000000)
 ParOldGen       total 349568K, used 0K [0x00000000c0000000, 0x00000000d5560000, 0x00000000eaab0000)
  object space 349568K, 0% used [0x00000000c0000000,0x00000000c0000000,0x00000000d5560000)
 PSPermGen       total 21248K, used 21051K [0x00000000bae00000, 0x00000000bc2c0000, 0x00000000c0000000)
  object space 21248K, 99% used [0x00000000bae00000,0x00000000bc28eec8,0x00000000bc2c0000)
Event: 19.241 GC heap after
Heap after GC invocations=1 (full 0):
 PSYoungGen      total 152896K, used 21800K [0x00000000eaab0000, 0x00000000f5550000, 0x0000000100000000)
  eden space 131072K, 0% used [0x00000000eaab0000,0x00000000eaab0000,0x00000000f2ab0000)
  from space 21824K, 99% used [0x00000000f2ab0000,0x00000000f3ffa068,0x00000000f4000000)
  to   space 21824K, 0% used [0x00000000f4000000,0x00000000f4000000,0x00000000f5550000)
 ParOldGen       total 349568K, used 2366K [0x00000000c0000000, 0x00000000d5560000, 0x00000000eaab0000)
  object space 349568K, 0% used [0x00000000c0000000,0x00000000c024f8a8,0x00000000d5560000)
 PSPermGen       total 21248K, used 21051K [0x00000000bae00000, 0x00000000bc2c0000, 0x00000000c0000000)
  object space 21248K, 99% used [0x00000000bae00000,0x00000000bc28eec8,0x00000000bc2c0000)
}
Event: 27.650 GC heap before
{Heap before GC invocations=2 (full 0):
 PSYoungGen      total 152896K, used 152872K [0x00000000eaab0000, 0x00000000f5550000, 0x0000000100000000)
  eden space 131072K, 100% used [0x00000000eaab0000,0x00000000f2ab0000,0x00000000f2ab0000)
  from space 21824K, 99% used [0x00000000f2ab0000,0x00000000f3ffa068,0x00000000f4000000)
  to   space 21824K, 0% used [0x00000000f4000000,0x00000000f4000000,0x00000000f5550000)
 ParOldGen       total 349568K, used 2366K [0x00000000c0000000, 0x00000000d5560000, 0x00000000eaab0000)
  object space 349568K, 0% used [0x00000000c0000000,0x00000000c024f8a8,0x00000000d5560000)
 PSPermGen       total 24320K, used 24295K [0x00000000bae00000, 0x00000000bc5c0000, 0x00000000c0000000)
  object space 24320K, 99% used [0x00000000bae00000,0x00000000bc5b9c38,0x00000000bc5c0000)
Event: 27.737 GC heap after
Heap after GC invocations=2 (full 0):
 PSYoungGen      total 152896K, used 21797K [0x00000000eaab0000, 0x00000000f5550000, 0x0000000100000000)
  eden space 131072K, 0% used [0x00000000eaab0000,0x00000000eaab0000,0x00000000f2ab0000)
  from space 21824K, 99% used [0x00000000f4000000,0x00000000f5549620,0x00000000f5550000)
  to   space 21824K, 0% used [0x00000000f2ab0000,0x00000000f2ab0000,0x00000000f4000000)
 ParOldGen       total 349568K, used 14657K [0x00000000c0000000, 0x00000000d5560000, 0x00000000eaab0000)
  object space 349568K, 4% used [0x00000000c0000000,0x00000000c0e505b8,0x00000000d5560000)
 PSPermGen       total 24320K, used 24295K [0x00000000bae00000, 0x00000000bc5c0000, 0x00000000c0000000)
  object space 24320K, 99% used [0x00000000bae00000,0x00000000bc5b9c38,0x00000000bc5c0000)
}
Event: 36.142 GC heap before
{Heap before GC invocations=3 (full 0):
 PSYoungGen      total 152896K, used 152869K [0x00000000eaab0000, 0x00000000f5550000, 0x0000000100000000)
  eden space 131072K, 100% used [0x00000000eaab0000,0x00000000f2ab0000,0x00000000f2ab0000)
  from space 21824K, 99% used [0x00000000f4000000,0x00000000f5549620,0x00000000f5550000)
  to   space 21824K, 0% used [0x00000000f2ab0000,0x00000000f2ab0000,0x00000000f4000000)
 ParOldGen       total 349568K, used 14657K [0x00000000c0000000, 0x00000000d5560000, 0x00000000eaab0000)
  object space 349568K, 4% used [0x00000000c0000000,0x00000000c0e505b8,0x00000000d5560000)
 PSPermGen       total 28352K, used 28268K [0x00000000bae00000, 0x00000000bc9b0000, 0x00000000c0000000)
  object space 28352K, 99% used [0x00000000bae00000,0x00000000bc99b318,0x00000000bc9b0000)
Event: 36.661 GC heap after
Heap after GC invocations=3 (full 0):
 PSYoungGen      total 152896K, used 21821K [0x00000000eaab0000, 0x00000000fd550000, 0x0000000100000000)
  eden space 131072K, 0% used [0x00000000eaab0000,0x00000000eaab0000,0x00000000f2ab0000)
  from space 21824K, 99% used [0x00000000f2ab0000,0x00000000f3fff420,0x00000000f4000000)
  to   space 21824K, 0% used [0x00000000fc000000,0x00000000fc000000,0x00000000fd550000)
 ParOldGen       total 349568K, used 27421K [0x00000000c0000000, 0x00000000d5560000, 0x00000000eaab0000)
  object space 349568K, 7% used [0x00000000c0000000,0x00000000c1ac7648,0x00000000d5560000)
 PSPermGen       total 28352K, used 28268K [0x00000000bae00000, 0x00000000bc9b0000, 0x00000000c0000000)
  object space 28352K, 99% used [0x00000000bae00000,0x00000000bc99b318,0x00000000bc9b0000)
}
Event: 42.834 GC heap before
{Heap before GC invocations=4 (full 0):
 PSYoungGen      total 152896K, used 152893K [0x00000000eaab0000, 0x00000000fd550000, 0x0000000100000000)
  eden space 131072K, 100% used [0x00000000eaab0000,0x00000000f2ab0000,0x00000000f2ab0000)
  from space 21824K, 99% used [0x00000000f2ab0000,0x00000000f3fff420,0x00000000f4000000)
  to   space 21824K, 0% used [0x00000000fc000000,0x00000000fc000000,0x00000000fd550000)
 ParOldGen       total 349568K, used 27421K [0x00000000c0000000, 0x00000000d5560000, 0x00000000eaab0000)
  object space 349568K, 7% used [0x00000000c0000000,0x00000000c1ac7648,0x00000000d5560000)
 PSPermGen       total 31808K, used 31653K [0x00000000bae00000, 0x00000000bcd10000, 0x00000000c0000000)
  object space 31808K, 99% used [0x00000000bae00000,0x00000000bcce9478,0x00000000bcd10000)
Event: 42.970 GC heap after
Heap after GC invocations=4 (full 0):
 PSYoungGen      total 283968K, used 21813K [0x00000000eaab0000, 0x00000000fd550000, 0x0000000100000000)
  eden space 262144K, 0% used [0x00000000eaab0000,0x00000000eaab0000,0x00000000faab0000)
  from space 21824K, 99% used [0x00000000fc000000,0x00000000fd54d440,0x00000000fd550000)
  to   space 21824K, 0% used [0x00000000faab0000,0x00000000faab0000,0x00000000fc000000)
 ParOldGen       total 349568K, used 30615K [0x00000000c0000000, 0x00000000d5560000, 0x00000000eaab0000)
  object space 349568K, 8% used [0x00000000c0000000,0x00000000c1de5cb0,0x00000000d5560000)
 PSPermGen       total 31808K, used 31653K [0x00000000bae00000, 0x00000000bcd10000, 0x00000000c0000000)
  object space 31808K, 99% used [0x00000000bae00000,0x00000000bcce9478,0x00000000bcd10000)
}

Deoptimization events (10 events):
Event: 44.966 Thread 0x0000000028e80800 Uncommon trap -12 fr.pc 0x000000000220f980
Event: 45.485 Thread 0x0000000028e80800 Uncommon trap -34 fr.pc 0x00000000020a2cac
Event: 45.761 Thread 0x0000000028e80800 Uncommon trap -58 fr.pc 0x0000000002277d94
Event: 45.761 Thread 0x0000000028e80800 Uncommon trap -58 fr.pc 0x0000000002277d94
Event: 45.762 Thread 0x0000000028e80800 Uncommon trap -58 fr.pc 0x0000000002277d94
Event: 45.762 Thread 0x0000000028e80800 Uncommon trap -34 fr.pc 0x000000000227b5a4
Event: 45.762 Thread 0x0000000028e80800 Uncommon trap -58 fr.pc 0x0000000002277d94
Event: 45.762 Thread 0x0000000028e80800 Uncommon trap -34 fr.pc 0x000000000227b5a4
Event: 46.447 Thread 0x0000000028e80800 Uncommon trap -58 fr.pc 0x00000000022507b4
Event: 46.449 Thread 0x0000000028e80800 Uncommon trap -58 fr.pc 0x00000000022507b4

Internal exceptions (10 events):
Event: 46.956 Thread 0x0000000028422000 Threw 0x00000000ec0dc0c0 at C:\jdk7u2_64p\jdk7u10\hotspot\src\share\vm\prims\jni.cpp:716
Event: 46.997 Thread 0x0000000029328000 Threw 0x00000000eecbc730 at C:\jdk7u2_64p\jdk7u10\hotspot\src\share\vm\prims\jvm.cpp:1166
Event: 46.998 Thread 0x0000000029328000 Threw 0x00000000eecbde48 at C:\jdk7u2_64p\jdk7u10\hotspot\src\share\vm\prims\jvm.cpp:1166
Event: 46.998 Thread 0x0000000029328000 Threw 0x00000000eecbe8a0 at C:\jdk7u2_64p\jdk7u10\hotspot\src\share\vm\prims\jvm.cpp:1166
Event: 46.999 Thread 0x0000000029328000 Threw 0x00000000eecc2db8 at C:\jdk7u2_64p\jdk7u10\hotspot\src\share\vm\prims\jvm.cpp:1166
Event: 46.999 Thread 0x0000000029328000 Threw 0x00000000eecc38a0 at C:\jdk7u2_64p\jdk7u10\hotspot\src\share\vm\prims\jvm.cpp:1166
Event: 47.000 Thread 0x0000000029328000 Threw 0x00000000eecc42f8 at C:\jdk7u2_64p\jdk7u10\hotspot\src\share\vm\prims\jvm.cpp:1166
Event: 47.000 Thread 0x0000000029328000 Threw 0x00000000eeccb000 at C:\jdk7u2_64p\jdk7u10\hotspot\src\share\vm\prims\jvm.cpp:1166
Event: 47.000 Thread 0x0000000029328000 Threw 0x00000000eeccbae8 at C:\jdk7u2_64p\jdk7u10\hotspot\src\share\vm\prims\jvm.cpp:1166
Event: 47.001 Thread 0x0000000029328000 Threw 0x00000000eeccc540 at C:\jdk7u2_64p\jdk7u10\hotspot\src\share\vm\prims\jvm.cpp:1166

Events (10 events):
Event: 46.991 loading class 0x000000000afcd4b0
Event: 46.991 loading class 0x000000000afcd4b0 done
Event: 46.998 loading class 0x0000000001e757a0
Event: 46.998 loading class 0x0000000001e757a0 done
Event: 46.999 loading class 0x0000000001e31380
Event: 46.999 loading class 0x0000000001e31380 done
Event: 47.011 loading class 0x000000002f2987e0
Event: 47.011 loading class 0x000000002f2987e0 done
Event: 47.032 loading class 0x000000000aaabd70
Event: 47.032 loading class 0x000000000aaabd70 done


Dynamic libraries:
0x000000013f5d0000 - 0x000000013f603000 	C:\Program Files\Java\jre7\bin\javaw.exe
0x0000000077600000 - 0x00000000777ac000 	C:\Windows\SYSTEM32\ntdll.dll
0x00000000773e0000 - 0x00000000774ff000 	C:\Windows\system32\kernel32.dll
0x000007fefd690000 - 0x000007fefd6fc000 	C:\Windows\system32\KERNELBASE.dll
0x000007feff660000 - 0x000007feff73b000 	C:\Windows\system32\ADVAPI32.dll
0x000007fefdc30000 - 0x000007fefdccf000 	C:\Windows\system32\msvcrt.dll
0x000007fefd9b0000 - 0x000007fefd9cf000 	C:\Windows\SYSTEM32\sechost.dll
0x000007feff740000 - 0x000007feff86e000 	C:\Windows\system32\RPCRT4.dll
0x0000000077500000 - 0x00000000775fa000 	C:\Windows\system32\USER32.dll
0x000007feff320000 - 0x000007feff387000 	C:\Windows\system32\GDI32.dll
0x000007fefeea0000 - 0x000007fefeeae000 	C:\Windows\system32\LPK.dll
0x000007fefdcd0000 - 0x000007fefdd9a000 	C:\Windows\system32\USP10.dll
0x000007fefbf70000 - 0x000007fefc164000 	C:\Windows\WinSxS\amd64_microsoft.windows.common-controls_6595b64144ccf1df_6.0.7600.16661_none_fa62ad231704eab7\COMCTL32.dll
0x000007fefd930000 - 0x000007fefd9a1000 	C:\Windows\system32\SHLWAPI.dll
0x000007fefdda0000 - 0x000007fefddce000 	C:\Windows\system32\IMM32.DLL
0x000007fefeeb0000 - 0x000007fefefb9000 	C:\Windows\system32\MSCTF.dll
0x00000000623a0000 - 0x0000000062471000 	C:\Program Files\Java\jre7\bin\msvcr100.dll
0x000000006dda0000 - 0x000000006e4bf000 	C:\Program Files\Java\jre7\bin\server\jvm.dll
0x000007fefa2a0000 - 0x000007fefa2a9000 	C:\Windows\system32\WSOCK32.dll
0x000007fefee50000 - 0x000007fefee9d000 	C:\Windows\system32\WS2_32.dll
0x000007feff060000 - 0x000007feff068000 	C:\Windows\system32\NSI.dll
0x000007fefb700000 - 0x000007fefb73b000 	C:\Windows\system32\WINMM.dll
0x00000000777d0000 - 0x00000000777d7000 	C:\Windows\system32\PSAPI.DLL
0x000000006e930000 - 0x000000006e93f000 	C:\Program Files\Java\jre7\bin\verify.dll
0x0000000062860000 - 0x0000000062888000 	C:\Program Files\Java\jre7\bin\java.dll
0x000000006e910000 - 0x000000006e925000 	C:\Program Files\Java\jre7\bin\zip.dll
0x000000006ca10000 - 0x000000006cba3000 	C:\Program Files\Java\jre7\bin\awt.dll
0x000007fefeb60000 - 0x000007fefec37000 	C:\Windows\system32\OLEAUT32.dll
0x000007fefec40000 - 0x000007fefee42000 	C:\Windows\system32\ole32.dll
0x000007fefc5a0000 - 0x000007fefc5f6000 	C:\Windows\system32\uxtheme.dll
0x000007fefba00000 - 0x000007fefba18000 	C:\Windows\system32\dwmapi.dll
0x000007fefd490000 - 0x000007fefd49f000 	C:\Windows\system32\CRYPTBASE.dll
0x000007fefddd0000 - 0x000007fefeb57000 	C:\Windows\system32\SHELL32.dll
0x0000000062820000 - 0x0000000062854000 	C:\Program Files\Java\jre7\bin\fontmanager.dll
0x0000000062800000 - 0x0000000062819000 	C:\Program Files\Java\jre7\bin\net.dll
0x0000000180000000 - 0x000000018006d000 	C:\Windows\system32\HMIPCore64.dll
0x000007fefcd50000 - 0x000007fefcda4000 	C:\Windows\system32\MSWSOCK.dll
0x000007fefc730000 - 0x000007fefc757000 	C:\Windows\system32\IPHLPAPI.DLL
0x000007fefc720000 - 0x000007fefc72b000 	C:\Windows\system32\WINNSI.DLL
0x000007fefc710000 - 0x000007fefc71c000 	C:\Windows\system32\VERSION.dll
0x000007fefd460000 - 0x000007fefd485000 	C:\Windows\system32\SspiCli.dll
0x000007fefcea0000 - 0x000007fefcea7000 	C:\Windows\System32\wship6.dll
0x00000000627e0000 - 0x00000000627f1000 	C:\Program Files\Java\jre7\bin\nio.dll
0x000007feff5c0000 - 0x000007feff659000 	C:\Windows\system32\CLBCatQ.DLL
0x000007fefcfd0000 - 0x000007fefcfe7000 	C:\Windows\system32\CRYPTSP.dll
0x000007fefcaf0000 - 0x000007fefcb37000 	C:\Windows\system32\rsaenh.dll
0x000007fefd540000 - 0x000007fefd554000 	C:\Windows\system32\RpcRtRemote.dll
0x000007fefc6f0000 - 0x000007fefc6f7000 	C:\Windows\System32\wshtcpip.dll
0x000007fefcbe0000 - 0x000007fefcc3b000 	C:\Windows\system32\DNSAPI.dll
0x000007fef8780000 - 0x000007fef87ae000 	C:\Program Files\Common Files\Microsoft Shared\Windows Live\WLIDNSP.DLL
0x0000000073340000 - 0x0000000073375000 	C:\Program Files\Bonjour\mdnsNSP.dll
0x000007fef8770000 - 0x000007fef8778000 	C:\Windows\system32\rasadhlp.dll
0x000007fefb1d0000 - 0x000007fefb223000 	C:\Windows\System32\fwpuclnt.dll
0x000007fefc850000 - 0x000007fefc86e000 	C:\Windows\system32\USERENV.dll
0x000007fefd560000 - 0x000007fefd56f000 	C:\Windows\system32\profapi.dll
0x000007fefb8d0000 - 0x000007fefb8e5000 	C:\Windows\system32\NLAapi.dll
0x000007fef5be0000 - 0x000007fef5beb000 	C:\Windows\System32\winrnr.dll
0x000007fef5bc0000 - 0x000007fef5bd5000 	C:\Windows\system32\napinsp.dll
0x000007fef5ba0000 - 0x000007fef5bb9000 	C:\Windows\system32\pnrpnsp.dll
0x00000000627b0000 - 0x00000000627d4000 	C:\Program Files\Java\jre7\bin\sunec.dll
0x000007fefb7a0000 - 0x000007fefb8ca000 	C:\Windows\system32\WindowsCodecs.dll
0x000007fefd4a0000 - 0x000007fefd4f7000 	C:\Windows\system32\apphelp.dll
0x000000006d8e0000 - 0x000000006d8f6000 	C:\Program Files\Common Files\TortoiseOverlays\TortoiseOverlays.dll
0x000000006c350000 - 0x000000006c409000 	C:\Program Files\TortoiseGit\bin\TortoiseGit.dll
0x000007feeef00000 - 0x000007feef0ad000 	C:\Program Files\TortoiseGit\bin\gitdll.dll
0x000007fefaa50000 - 0x000007fefaa67000 	C:\Program Files\TortoiseGit\bin\zlib1.dll
0x0000000073c40000 - 0x0000000073ce3000 	C:\Windows\WinSxS\amd64_microsoft.vc90.crt_1fc8b3b9a1e18e3b_9.0.30729.6161_none_08e61857a83bc251\MSVCR90.dll
0x000007feeec70000 - 0x000007feeed0c000 	C:\Program Files\TortoiseGit\bin\libgit2.dll
0x000007fef58a0000 - 0x000007fef590f000 	C:\Windows\system32\WINHTTP.dll
0x000007fef5830000 - 0x000007fef5894000 	C:\Windows\system32\webio.dll
0x0000000073620000 - 0x00000000736f3000 	C:\Windows\WinSxS\amd64_microsoft.vc90.crt_1fc8b3b9a1e18e3b_9.0.30729.6161_none_08e61857a83bc251\MSVCP90.dll
0x000007feee950000 - 0x000007feeec61000 	C:\Program Files\TortoiseGit\bin\crshhndl.dll
0x000007fefa4f0000 - 0x000007fefa55f000 	C:\Windows\system32\mscoree.dll
0x000007fefa170000 - 0x000007fefa200000 	C:\Windows\Microsoft.NET\Framework64\v4.0.30319\mscoreei.dll
0x000007fefd300000 - 0x000007fefd392000 	C:\Windows\system32\sxs.dll
0x000007fef97a0000 - 0x000007fefa140000 	C:\Windows\Microsoft.NET\Framework64\v2.0.50727\mscorwks.dll
0x0000000073540000 - 0x0000000073609000 	C:\Windows\WinSxS\amd64_microsoft.vc80.crt_1fc8b3b9a1e18e3b_8.0.50727.6195_none_88e41e092fab0294\MSVCR80.dll
0x000007fef88c0000 - 0x000007fef979c000 	C:\Windows\assembly\NativeImages_v2.0.50727_64\mscorlib\05ae3bc162010cd25470c276297f1303\mscorlib.ni.dll
0x000000006d400000 - 0x000000006d4e4000 	C:\Program Files\PlasticSCM4\client\shellextension.dll
0x0000000009870000 - 0x00000000098a8000 	C:\Program Files\PlasticSCM4\client\LogicNP.EZShellExtensions.dll
0x000007fef85e0000 - 0x000007fef8764000 	C:\Windows\Microsoft.NET\Framework64\v2.0.50727\mscorjit.dll
0x0000000074b00000 - 0x0000000074b12000 	C:\Program Files\PlasticSCM4\client\shellextensionproxy.dll
0x000000006d3d0000 - 0x000000006d3f8000 	C:\Program Files\PlasticSCM4\client\clientcommon.dll
0x000000006d390000 - 0x000000006d3cc000 	C:\Program Files\PlasticSCM4\client\commontypes.dll
0x000000005d920000 - 0x000000005e278000 	C:\Program Files\PlasticSCM4\client\libplastic.dll
0x000000006e760000 - 0x000000006e76c000 	C:\Program Files\PlasticSCM4\client\utils.dll
0x000000000b3f0000 - 0x000000000b430000 	C:\Program Files\PlasticSCM4\client\log4net.dll
0x000007fef3aa0000 - 0x000007fef44c8000 	C:\Windows\assembly\NativeImages_v2.0.50727_64\System\9de65bdc66e79ce80b00c85a1b4ace59\System.ni.dll
0x000007fef1100000 - 0x000007fef1243000 	C:\Windows\assembly\NativeImages_v2.0.50727_64\System.Configuration\788257bab792c2704841588120cf6ad1\System.Configuration.ni.dll
0x000007feee2a0000 - 0x000007feee945000 	C:\Windows\assembly\NativeImages_v2.0.50727_64\System.Xml\470f2295a6009a7d0646f07a68709fe5\System.Xml.ni.dll
0x000007fefaa80000 - 0x000007fefaa87000 	C:\Windows\system32\shfolder.dll
0x000000006d580000 - 0x000000006d598000 	C:\Program Files\PlasticSCM4\client\differences.dll
0x000007feedf10000 - 0x000007feee149000 	C:\Windows\assembly\NativeImages_v2.0.50727_64\System.Drawing\4caf9dcd9ab56ffd9b47fa0e6ac9a704\System.Drawing.ni.dll
0x000007fefc470000 - 0x000007fefc49a000 	C:\Users\Jonathan\AppData\Roaming\Dropbox\bin\DropboxExt64.17.dll
0x000007fef0fd0000 - 0x000007fef10f5000 	C:\Windows\system32\dbghelp.dll
0x0000000062250000 - 0x0000000062291000 	C:\Program Files\Java\jre7\bin\t2k.dll
0x0000000072a50000 - 0x0000000072a5b000 	C:\Program Files\Java\jre7\bin\sunmscapi.dll
0x000007fefd7c0000 - 0x000007fefd92a000 	C:\Windows\system32\CRYPT32.dll
0x000007fefd600000 - 0x000007fefd60f000 	C:\Windows\system32\MSASN1.dll
0x000007fef5370000 - 0x000007fef5410000 	C:\Windows\WinSxS\amd64_microsoft.windows.common-controls_6595b64144ccf1df_5.82.7600.16661_none_a44e1fc257f685f6\comctl32.dll
0x000000000bc00000 - 0x000000000bc48000 	C:\Users\Jonathan\Desktop\minecraft stuff\KBGMinecraftClient\KillerBeesGaming Client\KillerBeesGaming Client\bin\Debug\Killerbees Gaming Client\Packs\TerraFirma Craft\.minecraft\bin\natives\lwjgl64.dll
0x000007fef18a0000 - 0x000007fef19bd000 	C:\Windows\system32\OPENGL32.dll
0x000007fef7e60000 - 0x000007fef7e8d000 	C:\Windows\system32\GLU32.dll
0x000007fef5f90000 - 0x000007fef6081000 	C:\Windows\system32\DDRAW.dll
0x000007fefbeb0000 - 0x000007fefbeb8000 	C:\Windows\system32\DCIMAN32.dll
0x000007feff390000 - 0x000007feff567000 	C:\Windows\system32\SETUPAPI.dll
0x000007fefd650000 - 0x000007fefd686000 	C:\Windows\system32\CFGMGR32.dll
0x000007fefd700000 - 0x000007fefd71a000 	C:\Windows\system32\DEVOBJ.dll
0x000000006b810000 - 0x000000006b817000 	C:\Program Files\Java\jre7\bin\jawt.dll
0x00000000306c0000 - 0x0000000031532000 	C:\Windows\system32\ig4icd64.dll
0x000007feefc10000 - 0x000007feefd32000 	C:\Users\Jonathan\Desktop\minecraft stuff\KBGMinecraftClient\KillerBeesGaming Client\KillerBeesGaming Client\bin\Debug\Killerbees Gaming Client\packs\TerraFirma Craft\.minecraft\bin\natives\OpenAL64.dll
0x000007fef59e0000 - 0x000007fef5a68000 	C:\Windows\system32\dsound.dll
0x000007fefbe70000 - 0x000007fefbe9c000 	C:\Windows\system32\POWRPROF.dll
0x000007fefbe20000 - 0x000007fefbe6b000 	C:\Windows\System32\MMDevApi.dll
0x000007fefbcf0000 - 0x000007fefbe1c000 	C:\Windows\System32\PROPSYS.dll
0x000007fefb6b0000 - 0x000007fefb6eb000 	C:\Windows\system32\wdmaud.drv
0x0000000075050000 - 0x0000000075056000 	C:\Windows\system32\ksuser.dll
0x000007fefc700000 - 0x000007fefc709000 	C:\Windows\system32\AVRT.dll
0x000007fefb5b0000 - 0x000007fefb5ff000 	C:\Windows\system32\AUDIOSES.DLL
0x000007fefb180000 - 0x000007fefb18a000 	C:\Windows\system32\msacm32.drv
0x000007fefb160000 - 0x000007fefb178000 	C:\Windows\system32\MSACM32.dll
0x000007fefaf80000 - 0x000007fefaf89000 	C:\Windows\system32\midimap.dll

VM Arguments:
jvm_args: -Xms512m -Xmx1024m 
java_command: C:\Users\Jonathan\Desktop\minecraft stuff\KBGMinecraftClient\KillerBeesGaming Client\KillerBeesGaming Client\bin\Debug\Minecraft.exe jonf38@gmail.com secret5523
Launcher Type: SUN_STANDARD

Environment Variables:
CLASSPATH=.;C:\Program Files (x86)\Java\jre6\lib\ext\QTJava.zip
PATH=C:\Perl64\site\bin;C:\Perl64\bin;C:\Program Files\PlasticSCM4\client;C:\Program Files (x86)\Eazfuscator.NET;C:\Program Files (x86)\NVIDIA Corporation\PhysX\Common;C:\Program Files\Common Files\Microsoft Shared\Windows Live;C:\Program Files (x86)\Common Files\Microsoft Shared\Windows Live;C:\Windows\system32;C:\Windows;C:\Windows\System32\Wbem;C:\Windows\System32\WindowsPowerShell\v1.0\;C:\Program Files\Dell\Dell Wireless WLAN Card;c:\Program Files (x86)\Microsoft SQL Server\100\Tools\Binn\;c:\Program Files\Microsoft SQL Server\100\Tools\Binn\;c:\Program Files\Microsoft SQL Server\100\DTS\Binn\;c:\Program Files (x86)\Microsoft SQL Server\100\Tools\Binn\VSShell\Common7\IDE\;c:\Program Files (x86)\Microsoft SQL Server\100\DTS\Binn\;C:\Program Files (x86)\Windows Live\Shared;C:\Program Files\Microsoft Network Monitor 3\;C:\Windows\SysWOW64;C:\Program Files (x86)\QuickTime\QTSystem\;C:\Program Files (x86)\Jahshaka\..\gtk2\bin;C:\Program Files (x86)\Jahshaka\..\mlt\bin;C:\Program Files (x86)\OpenLibraries\bin;C:\Program Files (x86)\Hyenae;E:\Portable .net framework\0.8.0\bin;C:\Program Files\TortoiseGit\bin;C:\Program Files (x86)\FileVerifier++\;C:\Program Files (x86)\Nmap;C:\Program Files (x86)\Nmap;C:\Program Files\Java\jre7\bin
USERNAME=Jonathan
OS=Windows_NT
PROCESSOR_IDENTIFIER=Intel64 Family 6 Model 37 Stepping 2, GenuineIntel



---------------  S Y S T E M  ---------------

OS: Windows 7 , 64 bit Build 7600 

CPU:total 4 (2 cores per cpu, 2 threads per core) family 6 model 37 stepping 2, cmov, cx8, fxsr, mmx, sse, sse2, sse3, ssse3, sse4.1, sse4.2, popcnt, ht, tsc, tscinvbit

Memory: 4k page, physical 3985964k(595300k free), swap 7970028k(2565872k free)

vm_info: Java HotSpot(TM) 64-Bit Server VM (23.6-b04) for windows-amd64 JRE (1.7.0_10-b18), built on Nov 28 2012 05:00:40 by "java_re" with unknown MS VC++:1600

time: Wed Jan 02 10:43:06 2013
elapsed time: 49 seconds

